Determining if the pthread_create exist failed with the following output:
Change Dir: /home/homry/Projects/Robots/camera_tracker/build/CMakeFiles/CMakeTmp

Run Build Command:"/usr/bin/make" "cmTC_94b5c/fast"
/usr/bin/make -f CMakeFiles/cmTC_94b5c.dir/build.make CMakeFiles/cmTC_94b5c.dir/build
make[1]: вход в каталог «/home/homry/Projects/Robots/camera_tracker/build/CMakeFiles/CMakeTmp»
Building C object CMakeFiles/cmTC_94b5c.dir/CheckSymbolExists.c.o
/usr/bin/cc    -o CMakeFiles/cmTC_94b5c.dir/CheckSymbolExists.c.o   -c /home/homry/Projects/Robots/camera_tracker/build/CMakeFiles/CMakeTmp/CheckSymbolExists.c
Linking C executable cmTC_94b5c
/usr/bin/cmake -E cmake_link_script CMakeFiles/cmTC_94b5c.dir/link.txt --verbose=1
/usr/bin/cc      -rdynamic CMakeFiles/cmTC_94b5c.dir/CheckSymbolExists.c.o  -o cmTC_94b5c 
CMakeFiles/cmTC_94b5c.dir/CheckSymbolExists.c.o: In function `main':
CheckSymbolExists.c:(.text+0x1b): undefined reference to `pthread_create'
collect2: error: ld returned 1 exit status
CMakeFiles/cmTC_94b5c.dir/build.make:97: recipe for target 'cmTC_94b5c' failed
make[1]: *** [cmTC_94b5c] Error 1
make[1]: выход из каталога «/home/homry/Projects/Robots/camera_tracker/build/CMakeFiles/CMakeTmp»
Makefile:126: recipe for target 'cmTC_94b5c/fast' failed
make: *** [cmTC_94b5c/fast] Error 2

File /home/homry/Projects/Robots/camera_tracker/build/CMakeFiles/CMakeTmp/CheckSymbolExists.c:
/* */
#include <pthread.h>

int main(int argc, char** argv)
{
  (void)argv;
#ifndef pthread_create
  return ((int*)(&pthread_create))[argc];
#else
  (void)argc;
  return 0;
#endif
}

Determining if the function pthread_create exists in the pthreads failed with the following output:
Change Dir: /home/homry/Projects/Robots/camera_tracker/build/CMakeFiles/CMakeTmp

Run Build Command:"/usr/bin/make" "cmTC_82097/fast"
/usr/bin/make -f CMakeFiles/cmTC_82097.dir/build.make CMakeFiles/cmTC_82097.dir/build
make[1]: вход в каталог «/home/homry/Projects/Robots/camera_tracker/build/CMakeFiles/CMakeTmp»
Building C object CMakeFiles/cmTC_82097.dir/CheckFunctionExists.c.o
/usr/bin/cc   -DCHECK_FUNCTION_EXISTS=pthread_create   -o CMakeFiles/cmTC_82097.dir/CheckFunctionExists.c.o   -c /usr/share/cmake-3.10/Modules/CheckFunctionExists.c
Linking C executable cmTC_82097
/usr/bin/cmake -E cmake_link_script CMakeFiles/cmTC_82097.dir/link.txt --verbose=1
/usr/bin/cc  -DCHECK_FUNCTION_EXISTS=pthread_create    -rdynamic CMakeFiles/cmTC_82097.dir/CheckFunctionExists.c.o  -o cmTC_82097 -lpthreads 
/usr/bin/ld: cannot find -lpthreads
collect2: error: ld returned 1 exit status
CMakeFiles/cmTC_82097.dir/build.make:97: recipe for target 'cmTC_82097' failed
make[1]: *** [cmTC_82097] Error 1
make[1]: выход из каталога «/home/homry/Projects/Robots/camera_tracker/build/CMakeFiles/CMakeTmp»
Makefile:126: recipe for target 'cmTC_82097/fast' failed
make: *** [cmTC_82097/fast] Error 2


